  Laba4.cpp
C:\Users\ra97\source\repos\AlexeyR7\ASM\Laba4\Laba4\Laba4.cpp(9,5): error C4235: использовано нестандартное расширение: ключевое слово "__asm" данной архитектурой не поддерживается
C:\Users\ra97\source\repos\AlexeyR7\ASM\Laba4\Laba4\Laba4.cpp(11,9): error C2065: fld: необъявленный идентификатор
C:\Users\ra97\source\repos\AlexeyR7\ASM\Laba4\Laba4\Laba4.cpp(11,13): error C2146: синтаксическая ошибка: отсутствие ";" перед идентификатором "qword"
C:\Users\ra97\source\repos\AlexeyR7\ASM\Laba4\Laba4\Laba4.cpp(11,13): error C2065: qword: необъявленный идентификатор
C:\Users\ra97\source\repos\AlexeyR7\ASM\Laba4\Laba4\Laba4.cpp(11,19): error C2146: синтаксическая ошибка: отсутствие ";" перед идентификатором "ptr"
C:\Users\ra97\source\repos\AlexeyR7\ASM\Laba4\Laba4\Laba4.cpp(11,19): error C2065: ptr: необъявленный идентификатор
C:\Users\ra97\source\repos\AlexeyR7\ASM\Laba4\Laba4\Laba4.cpp(12,9): error C2146: синтаксическая ошибка: отсутствие ";" перед идентификатором "fld1"
C:\Users\ra97\source\repos\AlexeyR7\ASM\Laba4\Laba4\Laba4.cpp(12,9): error C2065: fld1: необъявленный идентификатор
C:\Users\ra97\source\repos\AlexeyR7\ASM\Laba4\Laba4\Laba4.cpp(13,9): error C2146: синтаксическая ошибка: отсутствие ";" перед идентификатором "fsub"
C:\Users\ra97\source\repos\AlexeyR7\ASM\Laba4\Laba4\Laba4.cpp(13,9): error C2065: fsub: необъявленный идентификатор
C:\Users\ra97\source\repos\AlexeyR7\ASM\Laba4\Laba4\Laba4.cpp(13,14): error C2146: синтаксическая ошибка: отсутствие ";" перед идентификатором "st"
C:\Users\ra97\source\repos\AlexeyR7\ASM\Laba4\Laba4\Laba4.cpp(13,14): error C3861: st: идентификатор не найден
C:\Users\ra97\source\repos\AlexeyR7\ASM\Laba4\Laba4\Laba4.cpp(13,21): error C3861: st: идентификатор не найден
C:\Users\ra97\source\repos\AlexeyR7\ASM\Laba4\Laba4\Laba4.cpp(14,9): error C2146: синтаксическая ошибка: отсутствие ";" перед идентификатором "fld1"
C:\Users\ra97\source\repos\AlexeyR7\ASM\Laba4\Laba4\Laba4.cpp(14,9): error C2065: fld1: необъявленный идентификатор
C:\Users\ra97\source\repos\AlexeyR7\ASM\Laba4\Laba4\Laba4.cpp(15,9): error C2146: синтаксическая ошибка: отсутствие ";" перед идентификатором "fadd"
C:\Users\ra97\source\repos\AlexeyR7\ASM\Laba4\Laba4\Laba4.cpp(15,9): error C2065: fadd: необъявленный идентификатор
C:\Users\ra97\source\repos\AlexeyR7\ASM\Laba4\Laba4\Laba4.cpp(15,14): error C2146: синтаксическая ошибка: отсутствие ";" перед идентификатором "st"
C:\Users\ra97\source\repos\AlexeyR7\ASM\Laba4\Laba4\Laba4.cpp(15,14): error C3861: st: идентификатор не найден
C:\Users\ra97\source\repos\AlexeyR7\ASM\Laba4\Laba4\Laba4.cpp(15,21): error C3861: st: идентификатор не найден
C:\Users\ra97\source\repos\AlexeyR7\ASM\Laba4\Laba4\Laba4.cpp(16,9): error C2146: синтаксическая ошибка: отсутствие ";" перед идентификатором "fmulp"
C:\Users\ra97\source\repos\AlexeyR7\ASM\Laba4\Laba4\Laba4.cpp(16,9): error C2065: fmulp: необъявленный идентификатор
C:\Users\ra97\source\repos\AlexeyR7\ASM\Laba4\Laba4\Laba4.cpp(16,15): error C2146: синтаксическая ошибка: отсутствие ";" перед идентификатором "st"
C:\Users\ra97\source\repos\AlexeyR7\ASM\Laba4\Laba4\Laba4.cpp(16,15): error C3861: st: идентификатор не найден
C:\Users\ra97\source\repos\AlexeyR7\ASM\Laba4\Laba4\Laba4.cpp(16,22): error C3861: st: идентификатор не найден
C:\Users\ra97\source\repos\AlexeyR7\ASM\Laba4\Laba4\Laba4.cpp(17,9): error C2146: синтаксическая ошибка: отсутствие ";" перед идентификатором "fsqrt"
C:\Users\ra97\source\repos\AlexeyR7\ASM\Laba4\Laba4\Laba4.cpp(17,9): error C2065: fsqrt: необъявленный идентификатор
C:\Users\ra97\source\repos\AlexeyR7\ASM\Laba4\Laba4\Laba4.cpp(18,9): error C2146: синтаксическая ошибка: отсутствие ";" перед идентификатором "fxch"
C:\Users\ra97\source\repos\AlexeyR7\ASM\Laba4\Laba4\Laba4.cpp(18,9): error C2065: fxch: необъявленный идентификатор
C:\Users\ra97\source\repos\AlexeyR7\ASM\Laba4\Laba4\Laba4.cpp(19,9): error C2146: синтаксическая ошибка: отсутствие ";" перед идентификатором "fpatan"
C:\Users\ra97\source\repos\AlexeyR7\ASM\Laba4\Laba4\Laba4.cpp(19,9): error C2065: fpatan: необъявленный идентификатор
C:\Users\ra97\source\repos\AlexeyR7\ASM\Laba4\Laba4\Laba4.cpp(21,5): error C2143: синтаксическая ошибка: отсутствие ";" перед "}"
